<?xml version="1.0" encoding="UTF-8"?>
<testng-results ignored="0" total="1" passed="1" failed="0" skipped="0">
  <reporter-output>
  </reporter-output>
  <suite started-at="2024-06-30T12:53:42 IST" name="Default suite" finished-at="2024-06-30T12:54:21 IST" duration-ms="39339">
    <groups>
      <group name="smokeTest">
        <method signature="OrganizationTest.createOrgWithMandField()[pri:0, instance:com.vtiger.crm.orgtest.OrganizationTest@1033576a]" name="createOrgWithMandField" class="com.vtiger.crm.orgtest.OrganizationTest"/>
      </group> <!-- smokeTest -->
    </groups>
    <test started-at="2024-06-30T12:53:42 IST" name="Default test" finished-at="2024-06-30T12:54:21 IST" duration-ms="39339">
      <class name="com.vtiger.crm.orgtest.OrganizationTest">
        <test-method is-config="true" signature="beforesuite()[pri:0, instance:com.vtiger.crm.orgtest.OrganizationTest@1033576a]" started-at="2024-06-30T12:53:40 IST" name="beforesuite" finished-at="2024-06-30T12:53:42 IST" duration-ms="1562" status="PASS">
          <reporter-output>
          </reporter-output>
        </test-method> <!-- beforesuite -->
        <test-method is-config="true" signature="beforeclass()[pri:0, instance:com.vtiger.crm.orgtest.OrganizationTest@1033576a]" started-at="2024-06-30T12:53:42 IST" name="beforeclass" finished-at="2024-06-30T12:53:49 IST" duration-ms="7299" status="PASS">
          <reporter-output>
          </reporter-output>
        </test-method> <!-- beforeclass -->
        <test-method is-config="true" signature="beforeMethod()[pri:0, instance:com.vtiger.crm.orgtest.OrganizationTest@1033576a]" started-at="2024-06-30T12:53:49 IST" name="beforeMethod" finished-at="2024-06-30T12:53:59 IST" duration-ms="9678" status="PASS">
          <reporter-output>
          </reporter-output>
        </test-method> <!-- beforeMethod -->
        <test-method signature="createOrgWithMandField()[pri:0, instance:com.vtiger.crm.orgtest.OrganizationTest@1033576a]" started-at="2024-06-30T12:53:59 IST" name="createOrgWithMandField" finished-at="2024-06-30T12:54:15 IST" duration-ms="16331" status="PASS">
          <reporter-output>
          </reporter-output>
        </test-method> <!-- createOrgWithMandField -->
        <test-method is-config="true" signature="afterMethod()[pri:0, instance:com.vtiger.crm.orgtest.OrganizationTest@1033576a]" started-at="2024-06-30T12:54:15 IST" name="afterMethod" finished-at="2024-06-30T12:54:20 IST" duration-ms="4997" status="PASS">
          <reporter-output>
          </reporter-output>
        </test-method> <!-- afterMethod -->
        <test-method is-config="true" signature="afterClass()[pri:0, instance:com.vtiger.crm.orgtest.OrganizationTest@1033576a]" started-at="2024-06-30T12:54:20 IST" name="afterClass" finished-at="2024-06-30T12:54:21 IST" duration-ms="877" status="PASS">
          <reporter-output>
          </reporter-output>
        </test-method> <!-- afterClass -->
        <test-method is-config="true" signature="aftersuite()[pri:0, instance:com.vtiger.crm.orgtest.OrganizationTest@1033576a]" started-at="2024-06-30T12:54:21 IST" name="aftersuite" finished-at="2024-06-30T12:54:21 IST" duration-ms="16" status="PASS">
          <reporter-output>
          </reporter-output>
        </test-method> <!-- aftersuite -->
      </class> <!-- com.vtiger.crm.orgtest.OrganizationTest -->
    </test> <!-- Default test -->
  </suite> <!-- Default suite -->
</testng-results>
